<?xml version="1.0" encoding="UTF-8" ?>
<testsuite tests="5" failures="0" name="TestCharacter" time="0.181" errors="0" skipped="0">
  <properties>
[...]
</properties>
  <testcase classname="TestCharacter" name="scoreMustIncreaseOneAfterDrop" time="0.111"/>
  <testcase classname="TestCharacter" name="characterMustJumpAfterClickJump" time="0.016"/>
  <testcase classname="TestCharacter" name="characterMustGoLeftAfterClickLeft" time="0.015"/>
  <testcase classname="TestCharacter" name="characterMustGoRightAfterClickRight" time="0.018"/>
  <testcase classname="TestCharacter" name="BallMustBounceAfterHitCharacter" time="0.021"/>
</testsuite>